<?xml version="1.0" encoding="UTF-8"?>
<!-- Generated by org.testng.reporters.JUnitReportReporter -->
<testsuite skipped="0" hostname="Samis-MacBook-Pro.local" name="Generics.GenericClassExample" tests="1" failures="0" timestamp="16 Jan 2019 21:02:27 GMT" time="0.008" errors="0">
  <testcase name="testgeneric" time="0.008" classname="Generics.GenericClassExample"/>
</testsuite> <!-- Generics.GenericClassExample -->
