<?xml version="1.0" encoding="UTF-8"?>
<!-- Generated by org.testng.reporters.JUnitReportReporter -->
<testsuite skipped="0" hostname="Samis-MacBook-Pro.local" name="Programs_IQ.RevereString" tests="1" failures="0" timestamp="25 Jan 2019 21:27:06 GMT" time="0.009" errors="0">
  <testcase name="reverseStringTest" time="0.009" classname="Programs_IQ.RevereString"/>
</testsuite> <!-- Programs_IQ.RevereString -->
