<?xml version="1.0" encoding="UTF-8"?>
<!-- Generated by org.testng.reporters.JUnitReportReporter -->
<testsuite skipped="1" hostname="Samis-MacBook-Pro.local" name="MapInterface.UsingHashMaps" tests="2" failures="0" timestamp="16 Jan 2019 21:45:09 GMT" time="0.009" errors="0">
  <testcase name="hashmap_with_Generics" time="0.009" classname="MapInterface.UsingHashMaps"/>
  <testcase name="HashMap_WITHOUT_generics" classname="MapInterface.UsingHashMaps">
    <skipped/>
  </testcase> <!-- HashMap_WITHOUT_generics -->
</testsuite> <!-- MapInterface.UsingHashMaps -->
