<?xml version="1.0" encoding="UTF-8"?>
<!-- Generated by org.testng.reporters.JUnitReportReporter -->
<testsuite skipped="0" hostname="Samis-MacBook-Pro.local" name="Programs_IQ.GenerateRandomUsername_Pass" tests="1" failures="0" timestamp="26 Jan 2019 22:31:44 GMT" time="0.009" errors="0">
  <testcase name="testGenerator" time="0.009" classname="Programs_IQ.GenerateRandomUsername_Pass"/>
</testsuite> <!-- Programs_IQ.GenerateRandomUsername_Pass -->
