<?xml version="1.0" encoding="UTF-8"?>
<!-- Generated by org.testng.reporters.JUnitReportReporter -->
<testsuite skipped="0" hostname="Samis-MacBook-Pro.local" name="Programs_IQ.Sorting" tests="1" failures="0" timestamp="19 Jan 2019 00:06:44 GMT" time="0.009" errors="0">
  <testcase name="bubbleSort" time="0.009" classname="Programs_IQ.Sorting"/>
</testsuite> <!-- Programs_IQ.Sorting -->
