<?xml version="1.0" encoding="UTF-8"?>
<!-- Generated by org.testng.reporters.JUnitReportReporter -->
<testsuite skipped="0" hostname="Samis-MacBook-Pro.local" name="Programs_IQ.CalculateSumOfNumbersOfArray" tests="1" failures="0" timestamp="26 Jan 2019 22:32:37 GMT" time="0.008" errors="0">
  <testcase name="testCalcSumOfArray" time="0.008" classname="Programs_IQ.CalculateSumOfNumbersOfArray"/>
</testsuite> <!-- Programs_IQ.CalculateSumOfNumbersOfArray -->
